#
# A fatal error has been detected by the Java Runtime Environment:
#
#  EXCEPTION_ACCESS_VIOLATION (0xc0000005) at pc=0x00007ff8ec68e2c7, pid=4832, tid=8436
#
# JRE version: Java(TM) SE Runtime Environment (14.0.1+7) (build 14.0.1+7)
# Java VM: Java HotSpot(TM) 64-Bit Server VM (14.0.1+7, mixed mode, sharing, tiered, compressed oops, g1 gc, windows-amd64)
# Problematic frame:
# V  [jvm.dll+0x5ae2c7]
#
# No core dump will be written. Minidumps are not enabled by default on client versions of Windows
#
# If you would like to submit a bug report, please visit:
#   https://bugreport.java.com/bugreport/crash.jsp
#

---------------  S U M M A R Y ------------

Command Line: -agentlib:jdwp=transport=dt_socket,suspend=y,address=localhost:62236 -javaagent:C:\Users\Administrator\eclipse\jee-2020-03\eclipse\configuration\org.eclipse.osgi\411\0\.cp\lib\javaagent-shaded.jar -Dfile.encoding=UTF-8 ProjectTestRemake.StudentProjectTest

Host: Intel(R) Core(TM) i3-8100 CPU @ 3.60GHz, 4 cores, 7G,  Windows 10 , 64 bit Build 17763 (10.0.17763.1158)
Time: Fri May  8 15:33:46 2020 ¢¥eCN©öI¡¾©ö C¡ÍA¨ª¨öA elapsed time: 13398 seconds (0d 3h 43m 18s)

---------------  T H R E A D  ---------------

Current thread (0x000001a1359f4000):  VMThread "VM Thread" [stack: 0x0000002357800000,0x0000002357900000] [id=8436] _threads_hazard_ptr=0x000001a1365918e0

Stack: [0x0000002357800000,0x0000002357900000],  sp=0x00000023578fdc60,  free space=1015k
Native frames: (J=compiled Java code, j=interpreted, Vv=VM code, C=native code)
V  [jvm.dll+0x5ae2c7]
V  [jvm.dll+0x4ada7e]
V  [jvm.dll+0x4abc3f]
V  [jvm.dll+0x74491b]
V  [jvm.dll+0x748947]
V  [jvm.dll+0x749118]
V  [jvm.dll+0x74940c]
V  [jvm.dll+0x6ff8ba]
V  [jvm.dll+0x5f72c6]
C  [ucrtbase.dll+0x21ffa]
C  [KERNEL32.DLL+0x17974]
C  [ntdll.dll+0x6a271]


siginfo: EXCEPTION_ACCESS_VIOLATION (0xc0000005), reading address 0xffffffffffffffff


Register to memory mapping:

RIP=0x00007ff8ec68e2c7 jvm.dll
RAX=0x000001a135e9ca30 is pointing into metadata
RBX={method} {0x000001a135e9cba8} 
[error occurred during error reporting (printing register info), id 0xc0000005, EXCEPTION_ACCESS_VIOLATION (0xc0000005) at pc=0x00007ff8ec6904d3]

Registers:
RAX=0x000001a135e9ca30, RBX=0x000001a135e9cba0, RCX=0x0fb60c192d0c3a00, RDX=0x00000023578fdc80
RSP=0x00000023578fdc60, RBP=0x0000000000000000, RSI=0x0000000000000001, RDI=0x0000000000000000
R8 =0x0000000000000000, R9 =0x000001a1171ec800, R10=0x00000023578fdd30, R11=0x00000023578fc940
R12=0x000001a136550770, R13=0x000001a1359eb240, R14=0x000001a13586a800, R15=0x000001a13586a810
RIP=0x00007ff8ec68e2c7, EFLAGS=0x0000000000010206

Top of Stack: (sp=0x00000023578fdc60)
0x00000023578fdc60:   000001a135e9cba0 0000000000000001
0x00000023578fdc70:   000001a11f998a90 0000000000000000
0x00000023578fdc80:   000001a135e9cba0 000001a1359f4000
0x00000023578fdc90:   000001a1362e4c10 00007ff8ec58da7e
0x00000023578fdca0:   000001a135e9cba0 0000000000000000
0x00000023578fdcb0:   0000000088d6b000 000001a1171ec800
0x00000023578fdcc0:   000001a13586a800 000001a13586a810
0x00000023578fdcd0:   0000000000000001 00000000000003d8
0x00000023578fdce0:   000001a13586abe8 00000023583ff4d0
0x00000023578fdcf0:   000001a1359f4000 000001a1359eaa40
0x00000023578fdd00:   000001a13586b070 000001a13586b080
0x00000023578fdd10:   000001a13586b158 00000000000000d8
0x00000023578fdd20:   00000023578ff200 00007ff800000000
0x00000023578fdd30:   000001a115129210 000001a1359f4000
0x00000023578fdd40:   000001a1359eaa40 000001a13586b070
0x00000023578fdd50:   00000023581fef20 00000023581fef20 

Instructions: (pc=0x00007ff8ec68e2c7)
0x00007ff8ec68e1c7:   94 c0 48 83 c4 20 5b c3 32 c0 48 83 c4 20 5b c3
0x00007ff8ec68e1d7:   cc cc cc cc cc cc cc cc cc 4c 8b 49 08 45 0f b7
0x00007ff8ec68e1e7:   41 28 45 85 c0 74 76 b8 cd cc cc cc 41 f7 e0 41
0x00007ff8ec68e1f7:   8b c0 c1 ea 02 8d 0c 92 2b c1 75 61 41 80 79 38
0x00007ff8ec68e207:   2a 75 5a 41 80 79 39 b7 75 53 41 8b c0 49 ff c8
0x00007ff8ec68e217:   43 80 7c 08 38 b1 75 45 49 83 f8 04 7e 3c b8 04
0x00007ff8ec68e227:   00 00 00 66 0f 1f 44 00 00 41 80 7c 01 38 2a 75
0x00007ff8ec68e237:   2c 41 0f b6 54 01 39 8d 4a ff f6 c1 f5 75 05 80
0x00007ff8ec68e247:   fa 09 75 05 80 fa 0e 75 14 42 80 7c 08 3a b5 75
0x00007ff8ec68e257:   0c 48 83 c0 05 49 3b c0 7c cf b0 01 c3 32 c0 c3
0x00007ff8ec68e267:   cc cc cc cc cc cc cc cc cc 40 53 48 83 ec 30 8b
0x00007ff8ec68e277:   15 70 fc 4d 00 48 8b d9 65 48 8b 04 25 58 00 00
0x00007ff8ec68e287:   00 48 89 4c 24 20 b9 08 00 00 00 48 8b 04 d0 48
0x00007ff8ec68e297:   8b 0c 01 48 89 4c 24 28 48 85 db 74 16 48 8b 89
0x00007ff8ec68e2a7:   88 02 00 00 48 8d 54 24 40 48 89 5c 24 40 e8 06
0x00007ff8ec68e2b7:   e3 a5 ff 48 8b 43 08 48 8d 54 24 20 48 8b 48 08
0x00007ff8ec68e2c7:   48 8b 49 18 e8 70 88 d7 ff 48 8d 4c 24 20 48 8b
0x00007ff8ec68e2d7:   d8 e8 d3 52 d5 ff 48 8b c3 48 83 c4 30 5b c3 cc
0x00007ff8ec68e2e7:   cc cc cc cc cc cc cc cc cc 40 53 48 83 ec 20 48
0x00007ff8ec68e2f7:   8b 81 98 00 00 00 48 8b d9 48 8b 48 08 48 85 c9
0x00007ff8ec68e307:   74 39 ff 15 f9 8c 40 00 48 85 c0 74 2e 48 8b 83
0x00007ff8ec68e317:   98 00 00 00 48 8b 48 08 48 85 c9 75 04 33 c0 eb
0x00007ff8ec68e327:   06 ff 15 da 8c 40 00 48 8b c8 e8 6a cd 11 00 84
0x00007ff8ec68e337:   c0 75 08 33 c0 48 83 c4 20 5b c3 48 8b 4b 18 48
0x00007ff8ec68e347:   83 c4 20 5b e9 20 93 19 00 48 8b 41 08 48 8b 48
0x00007ff8ec68e357:   08 48 8b 41 18 48 8b 40 18 c3 cc cc cc cc cc cc
0x00007ff8ec68e367:   cc cc cc cc cc cc cc cc cc 48 89 5c 24 08 48 89
0x00007ff8ec68e377:   74 24 10 57 48 83 ec 40 33 ff be ff ff ff ff 3b
0x00007ff8ec68e387:   d6 8b df 0f 45 da 85 db 0f 88 c1 00 00 00 48 8b
0x00007ff8ec68e397:   49 08 0f b7 41 28 3b d8 0f 8d b1 00 00 00 f6 41
0x00007ff8ec68e3a7:   24 01 0f 84 a7 00 00 00 e8 cc 51 c5 ff 8b d7 48
0x00007ff8ec68e3b7:   89 44 24 20 89 54 24 30 4c 8b d0 44 8b cf 89 7c 


Stack slot to memory mapping:
stack at sp + 0 slots: {method} {0x000001a135e9cba8} 
[error occurred during error reporting (inspecting top of stack), id 0xc0000005, EXCEPTION_ACCESS_VIOLATION (0xc0000005) at pc=0x00007ff8ec6904d3]

VM_Operation (0x00000023583ff330): GetStackTrace, mode: safepoint, requested by thread 0x000001a1363aa800


---------------  P R O C E S S  ---------------

Threads class SMR info:
_java_thread_list=0x000001a1365918e0, length=14, elements={
0x000001a1171ec800, 0x000001a1359f6000, 0x000001a1359f7000, 0x000001a135a13000,
0x000001a135a17000, 0x000001a135a18800, 0x000001a135a1d000, 0x000001a135a37800,
0x000001a136290800, 0x000001a1359db000, 0x000001a1363aa800, 0x000001a1363ab000,
0x000001a1363b4000, 0x000001a13656c800
}

Java Threads: ( => current thread )
  0x000001a1171ec800 JavaThread "main" [_thread_blocked, id=3468, stack(0x0000002357200000,0x0000002357300000)]
  0x000001a1359f6000 JavaThread "Reference Handler" daemon [_thread_blocked, id=11836, stack(0x0000002357900000,0x0000002357a00000)]
  0x000001a1359f7000 JavaThread "Finalizer" daemon [_thread_blocked, id=12580, stack(0x0000002357a00000,0x0000002357b00000)]
  0x000001a135a13000 JavaThread "Signal Dispatcher" daemon [_thread_blocked, id=1776, stack(0x0000002357b00000,0x0000002357c00000)]
  0x000001a135a17000 JavaThread "Attach Listener" daemon [_thread_blocked, id=8716, stack(0x0000002357c00000,0x0000002357d00000)]
  0x000001a135a18800 JavaThread "Service Thread" daemon [_thread_blocked, id=13256, stack(0x0000002357d00000,0x0000002357e00000)]
  0x000001a135a1d000 JavaThread "C2 CompilerThread0" daemon [_thread_blocked, id=13352, stack(0x0000002357e00000,0x0000002357f00000)]
  0x000001a135a37800 JavaThread "C1 CompilerThread0" daemon [_thread_blocked, id=13472, stack(0x0000002357f00000,0x0000002358000000)]
  0x000001a136290800 JavaThread "Sweeper thread" daemon [_thread_blocked, id=10472, stack(0x0000002358000000,0x0000002358100000)]
  0x000001a1359db000 JavaThread "Common-Cleaner" daemon [_thread_blocked, id=7912, stack(0x0000002358100000,0x0000002358200000)]
  0x000001a1363aa800 JavaThread "JDWP Transport Listener: dt_socket" daemon [_thread_blocked, id=5312, stack(0x0000002358300000,0x0000002358400000)] _threads_hazard_ptr=0x000001a1365918e0
  0x000001a1363ab000 JavaThread "JDWP Event Helper Thread" daemon [_thread_blocked, id=2620, stack(0x0000002358400000,0x0000002358500000)]
  0x000001a1363b4000 JavaThread "JDWP Command Reader" daemon [_thread_in_native, id=11976, stack(0x0000002358500000,0x0000002358600000)]
  0x000001a13656c800 JavaThread "Notification Thread" daemon [_thread_blocked, id=14552, stack(0x0000002358600000,0x0000002358700000)]

Other Threads:
=>0x000001a1359f4000 VMThread "VM Thread" [stack: 0x0000002357800000,0x0000002357900000] [id=8436]
  0x000001a1365aa000 WatcherThread [stack: 0x0000002358700000,0x0000002358800000] [id=13592]
  0x000001a117231000 GCTaskThread "GC Thread#0" [stack: 0x0000002357300000,0x0000002357400000] [id=11756]
  0x000001a117244000 ConcurrentGCThread "G1 Main Marker" [stack: 0x0000002357400000,0x0000002357500000] [id=12996]
  0x000001a117245000 ConcurrentGCThread "G1 Conc#0" [stack: 0x0000002357500000,0x0000002357600000] [id=13804]
  0x000001a135868800 ConcurrentGCThread "G1 Refine#0" [stack: 0x0000002357600000,0x0000002357700000] [id=2280]
  0x000001a13586c800 ConcurrentGCThread "G1 Young RemSet Sampling" [stack: 0x0000002357700000,0x0000002357800000] [id=12812]

Threads with active compile tasks:

VM state:at safepoint (normal execution)

VM Mutex/Monitor currently owned by a thread:  ([mutex/lock_event])
[0x000001a1171e8c40] Threads_lock - owner thread: 0x000001a1359f4000

Heap address: 0x0000000081000000, size: 2032 MB, Compressed Oops mode: 32-bit
Narrow klass base: 0x0000000800000000, Narrow klass shift: 3
Compressed class space size: 1073741824 Address: 0x0000000800b30000

Heap:
 garbage-first heap   total 131072K, used 10240K [0x0000000081000000, 0x0000000100000000)
  region size 1024K, 11 young (11264K), 0 survivors (0K)
 Metaspace       used 3406K, capacity 5338K, committed 5376K, reserved 1056768K
  class space    used 342K, capacity 500K, committed 512K, reserved 1048576K
Heap Regions: E=young(eden), S=young(survivor), O=old, HS=humongous(starts), HC=humongous(continues), CS=collection set, F=free, OA=open archive, CA=closed archive, TAMS=top-at-mark-start (previous, next)
|   0|0x0000000081000000, 0x0000000081000000, 0x0000000081100000|  0%| F|  |TAMS 0x0000000081000000, 0x0000000081000000| Untracked 
|   1|0x0000000081100000, 0x0000000081100000, 0x0000000081200000|  0%| F|  |TAMS 0x0000000081100000, 0x0000000081100000| Untracked 
|   2|0x0000000081200000, 0x0000000081200000, 0x0000000081300000|  0%| F|  |TAMS 0x0000000081200000, 0x0000000081200000| Untracked 
|   3|0x0000000081300000, 0x0000000081300000, 0x0000000081400000|  0%| F|  |TAMS 0x0000000081300000, 0x0000000081300000| Untracked 
|   4|0x0000000081400000, 0x0000000081400000, 0x0000000081500000|  0%| F|  |TAMS 0x0000000081400000, 0x0000000081400000| Untracked 
|   5|0x0000000081500000, 0x0000000081500000, 0x0000000081600000|  0%| F|  |TAMS 0x0000000081500000, 0x0000000081500000| Untracked 
|   6|0x0000000081600000, 0x0000000081600000, 0x0000000081700000|  0%| F|  |TAMS 0x0000000081600000, 0x0000000081600000| Untracked 
|   7|0x0000000081700000, 0x0000000081700000, 0x0000000081800000|  0%| F|  |TAMS 0x0000000081700000, 0x0000000081700000| Untracked 
|   8|0x0000000081800000, 0x0000000081800000, 0x0000000081900000|  0%| F|  |TAMS 0x0000000081800000, 0x0000000081800000| Untracked 
|   9|0x0000000081900000, 0x0000000081900000, 0x0000000081a00000|  0%| F|  |TAMS 0x0000000081900000, 0x0000000081900000| Untracked 
|  10|0x0000000081a00000, 0x0000000081a00000, 0x0000000081b00000|  0%| F|  |TAMS 0x0000000081a00000, 0x0000000081a00000| Untracked 
|  11|0x0000000081b00000, 0x0000000081b00000, 0x0000000081c00000|  0%| F|  |TAMS 0x0000000081b00000, 0x0000000081b00000| Untracked 
|  12|0x0000000081c00000, 0x0000000081c00000, 0x0000000081d00000|  0%| F|  |TAMS 0x0000000081c00000, 0x0000000081c00000| Untracked 
|  13|0x0000000081d00000, 0x0000000081d00000, 0x0000000081e00000|  0%| F|  |TAMS 0x0000000081d00000, 0x0000000081d00000| Untracked 
|  14|0x0000000081e00000, 0x0000000081e00000, 0x0000000081f00000|  0%| F|  |TAMS 0x0000000081e00000, 0x0000000081e00000| Untracked 
|  15|0x0000000081f00000, 0x0000000081f00000, 0x0000000082000000|  0%| F|  |TAMS 0x0000000081f00000, 0x0000000081f00000| Untracked 
|  16|0x0000000082000000, 0x0000000082000000, 0x0000000082100000|  0%| F|  |TAMS 0x0000000082000000, 0x0000000082000000| Untracked 
|  17|0x0000000082100000, 0x0000000082100000, 0x0000000082200000|  0%| F|  |TAMS 0x0000000082100000, 0x0000000082100000| Untracked 
|  18|0x0000000082200000, 0x0000000082200000, 0x0000000082300000|  0%| F|  |TAMS 0x0000000082200000, 0x0000000082200000| Untracked 
|  19|0x0000000082300000, 0x0000000082300000, 0x0000000082400000|  0%| F|  |TAMS 0x0000000082300000, 0x0000000082300000| Untracked 
|  20|0x0000000082400000, 0x0000000082400000, 0x0000000082500000|  0%| F|  |TAMS 0x0000000082400000, 0x0000000082400000| Untracked 
|  21|0x0000000082500000, 0x0000000082500000, 0x0000000082600000|  0%| F|  |TAMS 0x0000000082500000, 0x0000000082500000| Untracked 
|  22|0x0000000082600000, 0x0000000082600000, 0x0000000082700000|  0%| F|  |TAMS 0x0000000082600000, 0x0000000082600000| Untracked 
|  23|0x0000000082700000, 0x0000000082700000, 0x0000000082800000|  0%| F|  |TAMS 0x0000000082700000, 0x0000000082700000| Untracked 
|  24|0x0000000082800000, 0x0000000082800000, 0x0000000082900000|  0%| F|  |TAMS 0x0000000082800000, 0x0000000082800000| Untracked 
|  25|0x0000000082900000, 0x0000000082900000, 0x0000000082a00000|  0%| F|  |TAMS 0x0000000082900000, 0x0000000082900000| Untracked 
|  26|0x0000000082a00000, 0x0000000082a00000, 0x0000000082b00000|  0%| F|  |TAMS 0x0000000082a00000, 0x0000000082a00000| Untracked 
|  27|0x0000000082b00000, 0x0000000082b00000, 0x0000000082c00000|  0%| F|  |TAMS 0x0000000082b00000, 0x0000000082b00000| Untracked 
|  28|0x0000000082c00000, 0x0000000082c00000, 0x0000000082d00000|  0%| F|  |TAMS 0x0000000082c00000, 0x0000000082c00000| Untracked 
|  29|0x0000000082d00000, 0x0000000082d00000, 0x0000000082e00000|  0%| F|  |TAMS 0x0000000082d00000, 0x0000000082d00000| Untracked 
|  30|0x0000000082e00000, 0x0000000082e00000, 0x0000000082f00000|  0%| F|  |TAMS 0x0000000082e00000, 0x0000000082e00000| Untracked 
|  31|0x0000000082f00000, 0x0000000082f00000, 0x0000000083000000|  0%| F|  |TAMS 0x0000000082f00000, 0x0000000082f00000| Untracked 
|  32|0x0000000083000000, 0x0000000083000000, 0x0000000083100000|  0%| F|  |TAMS 0x0000000083000000, 0x0000000083000000| Untracked 
|  33|0x0000000083100000, 0x0000000083100000, 0x0000000083200000|  0%| F|  |TAMS 0x0000000083100000, 0x0000000083100000| Untracked 
|  34|0x0000000083200000, 0x0000000083200000, 0x0000000083300000|  0%| F|  |TAMS 0x0000000083200000, 0x0000000083200000| Untracked 
|  35|0x0000000083300000, 0x0000000083300000, 0x0000000083400000|  0%| F|  |TAMS 0x0000000083300000, 0x0000000083300000| Untracked 
|  36|0x0000000083400000, 0x0000000083400000, 0x0000000083500000|  0%| F|  |TAMS 0x0000000083400000, 0x0000000083400000| Untracked 
|  37|0x0000000083500000, 0x0000000083500000, 0x0000000083600000|  0%| F|  |TAMS 0x0000000083500000, 0x0000000083500000| Untracked 
|  38|0x0000000083600000, 0x0000000083600000, 0x0000000083700000|  0%| F|  |TAMS 0x0000000083600000, 0x0000000083600000| Untracked 
|  39|0x0000000083700000, 0x0000000083700000, 0x0000000083800000|  0%| F|  |TAMS 0x0000000083700000, 0x0000000083700000| Untracked 
|  40|0x0000000083800000, 0x0000000083800000, 0x0000000083900000|  0%| F|  |TAMS 0x0000000083800000, 0x0000000083800000| Untracked 
|  41|0x0000000083900000, 0x0000000083900000, 0x0000000083a00000|  0%| F|  |TAMS 0x0000000083900000, 0x0000000083900000| Untracked 
|  42|0x0000000083a00000, 0x0000000083a00000, 0x0000000083b00000|  0%| F|  |TAMS 0x0000000083a00000, 0x0000000083a00000| Untracked 
|  43|0x0000000083b00000, 0x0000000083b00000, 0x0000000083c00000|  0%| F|  |TAMS 0x0000000083b00000, 0x0000000083b00000| Untracked 
|  44|0x0000000083c00000, 0x0000000083c00000, 0x0000000083d00000|  0%| F|  |TAMS 0x0000000083c00000, 0x0000000083c00000| Untracked 
|  45|0x0000000083d00000, 0x0000000083d00000, 0x0000000083e00000|  0%| F|  |TAMS 0x0000000083d00000, 0x0000000083d00000| Untracked 
|  46|0x0000000083e00000, 0x0000000083e00000, 0x0000000083f00000|  0%| F|  |TAMS 0x0000000083e00000, 0x0000000083e00000| Untracked 
|  47|0x0000000083f00000, 0x0000000083f00000, 0x0000000084000000|  0%| F|  |TAMS 0x0000000083f00000, 0x0000000083f00000| Untracked 
|  48|0x0000000084000000, 0x0000000084000000, 0x0000000084100000|  0%| F|  |TAMS 0x0000000084000000, 0x0000000084000000| Untracked 
|  49|0x0000000084100000, 0x0000000084100000, 0x0000000084200000|  0%| F|  |TAMS 0x0000000084100000, 0x0000000084100000| Untracked 
|  50|0x0000000084200000, 0x0000000084200000, 0x0000000084300000|  0%| F|  |TAMS 0x0000000084200000, 0x0000000084200000| Untracked 
|  51|0x0000000084300000, 0x0000000084300000, 0x0000000084400000|  0%| F|  |TAMS 0x0000000084300000, 0x0000000084300000| Untracked 
|  52|0x0000000084400000, 0x0000000084400000, 0x0000000084500000|  0%| F|  |TAMS 0x0000000084400000, 0x0000000084400000| Untracked 
|  53|0x0000000084500000, 0x0000000084500000, 0x0000000084600000|  0%| F|  |TAMS 0x0000000084500000, 0x0000000084500000| Untracked 
|  54|0x0000000084600000, 0x0000000084600000, 0x0000000084700000|  0%| F|  |TAMS 0x0000000084600000, 0x0000000084600000| Untracked 
|  55|0x0000000084700000, 0x0000000084700000, 0x0000000084800000|  0%| F|  |TAMS 0x0000000084700000, 0x0000000084700000| Untracked 
|  56|0x0000000084800000, 0x0000000084800000, 0x0000000084900000|  0%| F|  |TAMS 0x0000000084800000, 0x0000000084800000| Untracked 
|  57|0x0000000084900000, 0x0000000084900000, 0x0000000084a00000|  0%| F|  |TAMS 0x0000000084900000, 0x0000000084900000| Untracked 
|  58|0x0000000084a00000, 0x0000000084a00000, 0x0000000084b00000|  0%| F|  |TAMS 0x0000000084a00000, 0x0000000084a00000| Untracked 
|  59|0x0000000084b00000, 0x0000000084b00000, 0x0000000084c00000|  0%| F|  |TAMS 0x0000000084b00000, 0x0000000084b00000| Untracked 
|  60|0x0000000084c00000, 0x0000000084c00000, 0x0000000084d00000|  0%| F|  |TAMS 0x0000000084c00000, 0x0000000084c00000| Untracked 
|  61|0x0000000084d00000, 0x0000000084d00000, 0x0000000084e00000|  0%| F|  |TAMS 0x0000000084d00000, 0x0000000084d00000| Untracked 
|  62|0x0000000084e00000, 0x0000000084e00000, 0x0000000084f00000|  0%| F|  |TAMS 0x0000000084e00000, 0x0000000084e00000| Untracked 
|  63|0x0000000084f00000, 0x0000000084f00000, 0x0000000085000000|  0%| F|  |TAMS 0x0000000084f00000, 0x0000000084f00000| Untracked 
|  64|0x0000000085000000, 0x0000000085000000, 0x0000000085100000|  0%| F|  |TAMS 0x0000000085000000, 0x0000000085000000| Untracked 
|  65|0x0000000085100000, 0x0000000085100000, 0x0000000085200000|  0%| F|  |TAMS 0x0000000085100000, 0x0000000085100000| Untracked 
|  66|0x0000000085200000, 0x0000000085200000, 0x0000000085300000|  0%| F|  |TAMS 0x0000000085200000, 0x0000000085200000| Untracked 
|  67|0x0000000085300000, 0x0000000085300000, 0x0000000085400000|  0%| F|  |TAMS 0x0000000085300000, 0x0000000085300000| Untracked 
|  68|0x0000000085400000, 0x0000000085400000, 0x0000000085500000|  0%| F|  |TAMS 0x0000000085400000, 0x0000000085400000| Untracked 
|  69|0x0000000085500000, 0x0000000085500000, 0x0000000085600000|  0%| F|  |TAMS 0x0000000085500000, 0x0000000085500000| Untracked 
|  70|0x0000000085600000, 0x0000000085600000, 0x0000000085700000|  0%| F|  |TAMS 0x0000000085600000, 0x0000000085600000| Untracked 
|  71|0x0000000085700000, 0x0000000085700000, 0x0000000085800000|  0%| F|  |TAMS 0x0000000085700000, 0x0000000085700000| Untracked 
|  72|0x0000000085800000, 0x0000000085800000, 0x0000000085900000|  0%| F|  |TAMS 0x0000000085800000, 0x0000000085800000| Untracked 
|  73|0x0000000085900000, 0x0000000085900000, 0x0000000085a00000|  0%| F|  |TAMS 0x0000000085900000, 0x0000000085900000| Untracked 
|  74|0x0000000085a00000, 0x0000000085a00000, 0x0000000085b00000|  0%| F|  |TAMS 0x0000000085a00000, 0x0000000085a00000| Untracked 
|  75|0x0000000085b00000, 0x0000000085b00000, 0x0000000085c00000|  0%| F|  |TAMS 0x0000000085b00000, 0x0000000085b00000| Untracked 
|  76|0x0000000085c00000, 0x0000000085c00000, 0x0000000085d00000|  0%| F|  |TAMS 0x0000000085c00000, 0x0000000085c00000| Untracked 
|  77|0x0000000085d00000, 0x0000000085d00000, 0x0000000085e00000|  0%| F|  |TAMS 0x0000000085d00000, 0x0000000085d00000| Untracked 
|  78|0x0000000085e00000, 0x0000000085e00000, 0x0000000085f00000|  0%| F|  |TAMS 0x0000000085e00000, 0x0000000085e00000| Untracked 
|  79|0x0000000085f00000, 0x0000000085f00000, 0x0000000086000000|  0%| F|  |TAMS 0x0000000085f00000, 0x0000000085f00000| Untracked 
|  80|0x0000000086000000, 0x0000000086000000, 0x0000000086100000|  0%| F|  |TAMS 0x0000000086000000, 0x0000000086000000| Untracked 
|  81|0x0000000086100000, 0x0000000086100000, 0x0000000086200000|  0%| F|  |TAMS 0x0000000086100000, 0x0000000086100000| Untracked 
|  82|0x0000000086200000, 0x0000000086200000, 0x0000000086300000|  0%| F|  |TAMS 0x0000000086200000, 0x0000000086200000| Untracked 
|  83|0x0000000086300000, 0x0000000086300000, 0x0000000086400000|  0%| F|  |TAMS 0x0000000086300000, 0x0000000086300000| Untracked 
|  84|0x0000000086400000, 0x0000000086400000, 0x0000000086500000|  0%| F|  |TAMS 0x0000000086400000, 0x0000000086400000| Untracked 
|  85|0x0000000086500000, 0x0000000086500000, 0x0000000086600000|  0%| F|  |TAMS 0x0000000086500000, 0x0000000086500000| Untracked 
|  86|0x0000000086600000, 0x0000000086600000, 0x0000000086700000|  0%| F|  |TAMS 0x0000000086600000, 0x0000000086600000| Untracked 
|  87|0x0000000086700000, 0x0000000086700000, 0x0000000086800000|  0%| F|  |TAMS 0x0000000086700000, 0x0000000086700000| Untracked 
|  88|0x0000000086800000, 0x0000000086800000, 0x0000000086900000|  0%| F|  |TAMS 0x0000000086800000, 0x0000000086800000| Untracked 
|  89|0x0000000086900000, 0x0000000086900000, 0x0000000086a00000|  0%| F|  |TAMS 0x0000000086900000, 0x0000000086900000| Untracked 
|  90|0x0000000086a00000, 0x0000000086a00000, 0x0000000086b00000|  0%| F|  |TAMS 0x0000000086a00000, 0x0000000086a00000| Untracked 
|  91|0x0000000086b00000, 0x0000000086b00000, 0x0000000086c00000|  0%| F|  |TAMS 0x0000000086b00000, 0x0000000086b00000| Untracked 
|  92|0x0000000086c00000, 0x0000000086c00000, 0x0000000086d00000|  0%| F|  |TAMS 0x0000000086c00000, 0x0000000086c00000| Untracked 
|  93|0x0000000086d00000, 0x0000000086d00000, 0x0000000086e00000|  0%| F|  |TAMS 0x0000000086d00000, 0x0000000086d00000| Untracked 
|  94|0x0000000086e00000, 0x0000000086e00000, 0x0000000086f00000|  0%| F|  |TAMS 0x0000000086e00000, 0x0000000086e00000| Untracked 
|  95|0x0000000086f00000, 0x0000000086f00000, 0x0000000087000000|  0%| F|  |TAMS 0x0000000086f00000, 0x0000000086f00000| Untracked 
|  96|0x0000000087000000, 0x0000000087000000, 0x0000000087100000|  0%| F|  |TAMS 0x0000000087000000, 0x0000000087000000| Untracked 
|  97|0x0000000087100000, 0x0000000087100000, 0x0000000087200000|  0%| F|  |TAMS 0x0000000087100000, 0x0000000087100000| Untracked 
|  98|0x0000000087200000, 0x0000000087200000, 0x0000000087300000|  0%| F|  |TAMS 0x0000000087200000, 0x0000000087200000| Untracked 
|  99|0x0000000087300000, 0x0000000087300000, 0x0000000087400000|  0%| F|  |TAMS 0x0000000087300000, 0x0000000087300000| Untracked 
| 100|0x0000000087400000, 0x0000000087400000, 0x0000000087500000|  0%| F|  |TAMS 0x0000000087400000, 0x0000000087400000| Untracked 
| 101|0x0000000087500000, 0x0000000087500000, 0x0000000087600000|  0%| F|  |TAMS 0x0000000087500000, 0x0000000087500000| Untracked 
| 102|0x0000000087600000, 0x0000000087600000, 0x0000000087700000|  0%| F|  |TAMS 0x0000000087600000, 0x0000000087600000| Untracked 
| 103|0x0000000087700000, 0x0000000087700000, 0x0000000087800000|  0%| F|  |TAMS 0x0000000087700000, 0x0000000087700000| Untracked 
| 104|0x0000000087800000, 0x0000000087800000, 0x0000000087900000|  0%| F|  |TAMS 0x0000000087800000, 0x0000000087800000| Untracked 
| 105|0x0000000087900000, 0x0000000087900000, 0x0000000087a00000|  0%| F|  |TAMS 0x0000000087900000, 0x0000000087900000| Untracked 
| 106|0x0000000087a00000, 0x0000000087a00000, 0x0000000087b00000|  0%| F|  |TAMS 0x0000000087a00000, 0x0000000087a00000| Untracked 
| 107|0x0000000087b00000, 0x0000000087b00000, 0x0000000087c00000|  0%| F|  |TAMS 0x0000000087b00000, 0x0000000087b00000| Untracked 
| 108|0x0000000087c00000, 0x0000000087c00000, 0x0000000087d00000|  0%| F|  |TAMS 0x0000000087c00000, 0x0000000087c00000| Untracked 
| 109|0x0000000087d00000, 0x0000000087d00000, 0x0000000087e00000|  0%| F|  |TAMS 0x0000000087d00000, 0x0000000087d00000| Untracked 
| 110|0x0000000087e00000, 0x0000000087e00000, 0x0000000087f00000|  0%| F|  |TAMS 0x0000000087e00000, 0x0000000087e00000| Untracked 
| 111|0x0000000087f00000, 0x0000000087f00000, 0x0000000088000000|  0%| F|  |TAMS 0x0000000087f00000, 0x0000000087f00000| Untracked 
| 112|0x0000000088000000, 0x0000000088000000, 0x0000000088100000|  0%| F|  |TAMS 0x0000000088000000, 0x0000000088000000| Untracked 
| 113|0x0000000088100000, 0x0000000088100000, 0x0000000088200000|  0%| F|  |TAMS 0x0000000088100000, 0x0000000088100000| Untracked 
| 114|0x0000000088200000, 0x0000000088200000, 0x0000000088300000|  0%| F|  |TAMS 0x0000000088200000, 0x0000000088200000| Untracked 
| 115|0x0000000088300000, 0x0000000088300000, 0x0000000088400000|  0%| F|  |TAMS 0x0000000088300000, 0x0000000088300000| Untracked 
| 116|0x0000000088400000, 0x0000000088400000, 0x0000000088500000|  0%| F|  |TAMS 0x0000000088400000, 0x0000000088400000| Untracked 
| 117|0x0000000088500000, 0x0000000088600000, 0x0000000088600000|100%| E|  |TAMS 0x0000000088500000, 0x0000000088500000| Complete 
| 118|0x0000000088600000, 0x0000000088700000, 0x0000000088700000|100%| E|CS|TAMS 0x0000000088600000, 0x0000000088600000| Complete 
| 119|0x0000000088700000, 0x0000000088800000, 0x0000000088800000|100%| E|CS|TAMS 0x0000000088700000, 0x0000000088700000| Complete 
| 120|0x0000000088800000, 0x0000000088900000, 0x0000000088900000|100%| E|CS|TAMS 0x0000000088800000, 0x0000000088800000| Complete 
| 121|0x0000000088900000, 0x0000000088a00000, 0x0000000088a00000|100%| E|CS|TAMS 0x0000000088900000, 0x0000000088900000| Complete 
| 122|0x0000000088a00000, 0x0000000088b00000, 0x0000000088b00000|100%| E|CS|TAMS 0x0000000088a00000, 0x0000000088a00000| Complete 
| 123|0x0000000088b00000, 0x0000000088c00000, 0x0000000088c00000|100%| E|CS|TAMS 0x0000000088b00000, 0x0000000088b00000| Complete 
| 124|0x0000000088c00000, 0x0000000088d00000, 0x0000000088d00000|100%| E|CS|TAMS 0x0000000088c00000, 0x0000000088c00000| Complete 
| 125|0x0000000088d00000, 0x0000000088e00000, 0x0000000088e00000|100%| E|CS|TAMS 0x0000000088d00000, 0x0000000088d00000| Complete 
| 126|0x0000000088e00000, 0x0000000088f00000, 0x0000000088f00000|100%| E|CS|TAMS 0x0000000088e00000, 0x0000000088e00000| Complete 
| 127|0x0000000088f00000, 0x0000000089000000, 0x0000000089000000|100%| E|CS|TAMS 0x0000000088f00000, 0x0000000088f00000| Complete 

Card table byte_map: [0x000001a12ed90000,0x000001a12f190000] _byte_map_base: 0x000001a12e988000

Marking Bits (Prev, Next): (CMBitMap*) 0x000001a117231928, (CMBitMap*) 0x000001a117231968
 Prev Bits: [0x000001a12f590000, 0x000001a131550000)
 Next Bits: [0x000001a131550000, 0x000001a133510000)

Polling page: 0x000001a115150000

Metaspace:

Usage:
  Non-class:      4.72 MB capacity,     2.99 MB ( 63%) used,     1.73 MB ( 37%) free+waste,     5.94 KB ( <1%) overhead. 
      Class:    500.00 KB capacity,   342.35 KB ( 68%) used,   154.52 KB ( 31%) free+waste,     3.13 KB ( <1%) overhead. 
       Both:      5.21 MB capacity,     3.33 MB ( 64%) used,     1.88 MB ( 36%) free+waste,     9.06 KB ( <1%) overhead. 

Virtual space:
  Non-class space:        8.00 MB reserved,       4.75 MB ( 59%) committed 
      Class space:        1.00 GB reserved,     512.00 KB ( <1%) committed 
             Both:        1.01 GB reserved,       5.25 MB ( <1%) committed 

Chunk freelists:
   Non-Class:  26.00 KB
       Class:  12.00 KB
        Both:  38.00 KB

MaxMetaspaceSize: 17179869184.00 GB
CompressedClassSpaceSize: 1.00 GB

CodeHeap 'non-profiled nmethods': size=120000Kb used=566Kb max_used=566Kb free=119434Kb
 bounds [0x000001a127460000, 0x000001a1276d0000, 0x000001a12e990000]
CodeHeap 'profiled nmethods': size=120000Kb used=994Kb max_used=1019Kb free=119005Kb
 bounds [0x000001a11ff30000, 0x000001a1201a0000, 0x000001a127460000]
CodeHeap 'non-nmethods': size=5760Kb used=1240Kb max_used=1395Kb free=4519Kb
 bounds [0x000001a11f990000, 0x000001a11fc00000, 0x000001a11ff30000]
 total_blobs=1491 nmethods=542 adapters=317
 compilation: enabled
              stopped_count=0, restarted_count=0
 full_count=0

Compilation events (20 events):
Event: 9690.914 Thread 0x000001a135a1d000  621 %     4       org.eclipse.jdt.launching.internal.org.objectweb.asm.ClassReader::readCode @ 2165 (5089 bytes)
Event: 9691.708 Thread 0x000001a135a1d000 nmethod 621% 0x000001a12749a610 code [0x000001a12749b740, 0x000001a1274ae460]
Event: 9756.381 Thread 0x000001a135a1d000  622       4       org.eclipse.jdt.launching.internal.org.objectweb.asm.Label::accept (65 bytes)
Event: 9756.388 Thread 0x000001a135a1d000 nmethod 622 0x000001a1274b5210 code [0x000001a1274b54e0, 0x000001a1274b6288]
Event: 9844.707 Thread 0x000001a135a1d000  623       4       java.lang.AbstractStringBuilder::ensureCapacityInternal (39 bytes)
Event: 9844.710 Thread 0x000001a135a1d000 nmethod 623 0x000001a1274b6810 code [0x000001a1274b69e0, 0x000001a1274b6e38]
Event: 9990.838 Thread 0x000001a135a1d000  624       4       org.eclipse.jdt.launching.internal.org.objectweb.asm.MethodWriter::visitLabel (328 bytes)
Event: 9990.842 Thread 0x000001a135a1d000 nmethod 624 0x000001a1274b7010 code [0x000001a1274b7260, 0x000001a1274b79d8]
Event: 10087.748 Thread 0x000001a135a1d000  625 %     4       org.eclipse.jdt.launching.internal.org.objectweb.asm.ClassReader::readCode @ 2015 (5089 bytes)
Event: 10088.179 Thread 0x000001a135a1d000 nmethod 625% 0x000001a1274b7d90 code [0x000001a1274b8dc0, 0x000001a1274cb338]
Event: 10669.620 Thread 0x000001a135a1d000  627       4       org.eclipse.jdt.launching.internal.org.objectweb.asm.Label::addLineNumber (89 bytes)
Event: 10669.621 Thread 0x000001a135a1d000 nmethod 627 0x000001a1274d1f90 code [0x000001a1274d2120, 0x000001a1274d21d8]
Event: 10728.816 Thread 0x000001a135a1d000  628       4       org.eclipse.jdt.launching.internal.org.objectweb.asm.ClassReader::readCode (5089 bytes)
Event: 10729.403 Thread 0x000001a135a1d000 nmethod 628 0x000001a1274d2290 code [0x000001a1274d3640, 0x000001a1274e09a8]
Event: 11110.909 Thread 0x000001a135a1d000  629       4       org.eclipse.jdt.launching.internal.org.objectweb.asm.ByteVector::encodeUtf8 (337 bytes)
Event: 11110.947 Thread 0x000001a135a1d000 nmethod 629 0x000001a1274e7f10 code [0x000001a1274e8280, 0x000001a1274ea3b8]
Event: 11795.332 Thread 0x000001a135a1d000  630       4       org.eclipse.jdt.launching.internal.org.objectweb.asm.ByteVector::encodeUtf8 (337 bytes)
Event: 11795.364 Thread 0x000001a135a1d000 nmethod 630 0x000001a1274eab90 code [0x000001a1274eaf00, 0x000001a1274ed078]
Event: 12802.705 Thread 0x000001a135a37800  631       3       org.eclipse.jdt.launching.internal.org.objectweb.asm.ClassReader::<init> (371 bytes)
Event: 12802.708 Thread 0x000001a135a37800 


GC Heap History (0 events):
No events

Deoptimization events (20 events):
Event: 10088.261 Thread 0x000001a1363aa800 DEOPT PACKING pc=0x000001a12001abef sp=0x00000023583fd780
Event: 10088.261 Thread 0x000001a1363aa800 DEOPT UNPACKING pc=0x000001a11f9d964e sp=0x00000023583fcef0 mode 0
Event: 10729.404 Thread 0x000001a1363aa800 DEOPT PACKING pc=0x000001a12001bc63 sp=0x00000023583fd780
Event: 10729.404 Thread 0x000001a1363aa800 DEOPT UNPACKING pc=0x000001a11f9d964e sp=0x00000023583fcef0 mode 0
Event: 11195.205 Thread 0x000001a1363aa800 Uncommon trap: trap_request=0xffffffbe fr.pc=0x000001a1274e9a90 relative=0x0000000000001810
Event: 11195.205 Thread 0x000001a1363aa800 Uncommon trap: reason=profile_predicate action=maybe_recompile pc=0x000001a1274e9a90 method=org.eclipse.jdt.launching.internal.org.objectweb.asm.ByteVector.encodeUtf8(Ljava/lang/String;II)Lorg/eclipse/jdt/launching/internal/org/objectweb/asm/ByteVector; @
Event: 11195.205 Thread 0x000001a1363aa800 DEOPT PACKING pc=0x000001a1274e9a90 sp=0x00000023583fdc20
Event: 11195.205 Thread 0x000001a1363aa800 DEOPT UNPACKING pc=0x000001a11f9d912f sp=0x00000023583fdbf8 mode 2
Event: 11352.882 Thread 0x000001a1363aa800 Uncommon trap: trap_request=0xffffffbe fr.pc=0x000001a1274e9a90 relative=0x0000000000001810
Event: 11352.882 Thread 0x000001a1363aa800 Uncommon trap: reason=profile_predicate action=maybe_recompile pc=0x000001a1274e9a90 method=org.eclipse.jdt.launching.internal.org.objectweb.asm.ByteVector.encodeUtf8(Ljava/lang/String;II)Lorg/eclipse/jdt/launching/internal/org/objectweb/asm/ByteVector; @
Event: 11352.882 Thread 0x000001a1363aa800 DEOPT PACKING pc=0x000001a1274e9a90 sp=0x00000023583fdc20
Event: 11352.882 Thread 0x000001a1363aa800 DEOPT UNPACKING pc=0x000001a11f9d912f sp=0x00000023583fdbf8 mode 2
Event: 11585.045 Thread 0x000001a1363aa800 Uncommon trap: trap_request=0xffffffbe fr.pc=0x000001a1274e9a90 relative=0x0000000000001810
Event: 11585.045 Thread 0x000001a1363aa800 Uncommon trap: reason=profile_predicate action=maybe_recompile pc=0x000001a1274e9a90 method=org.eclipse.jdt.launching.internal.org.objectweb.asm.ByteVector.encodeUtf8(Ljava/lang/String;II)Lorg/eclipse/jdt/launching/internal/org/objectweb/asm/ByteVector; @
Event: 11585.045 Thread 0x000001a1363aa800 DEOPT PACKING pc=0x000001a1274e9a90 sp=0x00000023583fdc20
Event: 11585.045 Thread 0x000001a1363aa800 DEOPT UNPACKING pc=0x000001a11f9d912f sp=0x00000023583fdbf8 mode 2
Event: 11678.943 Thread 0x000001a1363aa800 Uncommon trap: trap_request=0xffffffbe fr.pc=0x000001a1274e9a90 relative=0x0000000000001810
Event: 11678.943 Thread 0x000001a1363aa800 Uncommon trap: reason=profile_predicate action=maybe_recompile pc=0x000001a1274e9a90 method=org.eclipse.jdt.launching.internal.org.objectweb.asm.ByteVector.encodeUtf8(Ljava/lang/String;II)Lorg/eclipse/jdt/launching/internal/org/objectweb/asm/ByteVector; @
Event: 11678.943 Thread 0x000001a1363aa800 DEOPT PACKING pc=0x000001a1274e9a90 sp=0x00000023583fdc20
Event: 11678.943 Thread 0x000001a1363aa800 DEOPT UNPACKING pc=0x000001a11f9d912f sp=0x00000023583fdbf8 mode 2

Classes unloaded (0 events):
No events

Classes redefined (20 events):
Event: 6858.853 Thread 0x000001a1359f4000 redefined class name=ProjectTestRemake.StudentProjectTest, count=9
Event: 8693.067 Thread 0x000001a1359f4000 redefined class name=ProjectTestRemake.StudentProjectTest, count=10
Event: 8824.864 Thread 0x000001a1359f4000 redefined class name=ProjectTestRemake.StudentProjectTest, count=11
Event: 9177.360 Thread 0x000001a1359f4000 redefined class name=ProjectTestRemake.School, count=2
Event: 9214.305 Thread 0x000001a1359f4000 redefined class name=ProjectTestRemake.School, count=3
Event: 9340.138 Thread 0x000001a1359f4000 redefined class name=ProjectTestRemake.StudentProjectTest, count=12
Event: 9448.044 Thread 0x000001a1359f4000 redefined class name=ProjectTestRemake.StudentProjectTest, count=13
Event: 11051.314 Thread 0x000001a1359f4000 redefined class name=ProjectTestRemake.StudentProjectTest, count=14
Event: 11876.453 Thread 0x000001a1359f4000 redefined class name=ProjectTestRemake.StudentProjectTest, count=15
Event: 11887.538 Thread 0x000001a1359f4000 redefined class name=ProjectTestRemake.StudentProjectTest, count=16
Event: 11930.102 Thread 0x000001a1359f4000 redefined class name=ProjectTestRemake.StudentProjectTest, count=17
Event: 12489.878 Thread 0x000001a1359f4000 redefined class name=ProjectTestRemake.StudentProjectTest, count=18
Event: 12643.106 Thread 0x000001a1359f4000 redefined class name=ProjectTestRemake.StudentProjectTest, count=19
Event: 12663.962 Thread 0x000001a1359f4000 redefined class name=ProjectTestRemake.StudentProjectTest, count=20
Event: 12802.706 Thread 0x000001a1359f4000 redefined class name=ProjectTestRemake.StudentProjectTest, count=21
Event: 13018.541 Thread 0x000001a1359f4000 redefined class name=ProjectTestRemake.StudentProjectTest, count=22
Event: 13023.956 Thread 0x000001a1359f4000 redefined class name=ProjectTestRemake.StudentProjectTest, count=23
Event: 13032.414 Thread 0x000001a1359f4000 redefined class name=ProjectTestRemake.StudentProjectTest, count=24
Event: 13034.495 Thread 0x000001a1359f4000 redefined class name=ProjectTestRemake.StudentProjectTest, count=25
Event: 13398.961 Thread 0x000001a1359f4000 redefined class name=ProjectTestRemake.StudentProjectTest, count=26

Internal exceptions (2 events):
Event: 0.218 Thread 0x000001a1171ec800 Exception <a 'java/lang/NoSuchMethodError'{0x0000000088bc5dd0}: 'int java.lang.invoke.DirectMethodHandle$Holder.invokeSpecialIFC(java.lang.Object, java.lang.Object, int)'> (0x0000000088bc5dd0) 
thrown [./open/src/hotspot/share/interpreter/linkResolver.cpp, line 766]
Event: 12.682 Thread 0x000001a1171ec800 Exception <a 'java/lang/ArrayIndexOutOfBoundsException'{0x000000008894dd58}: Index 49 out of bounds for length 3> (0x000000008894dd58) 
thrown [./open/src/hotspot/share/interpreter/interpreterRuntime.cpp, line 458]

Events (20 events):
Event: 13034.496 Executing VM operation: RedefineClasses done
Event: 13034.499 Executing VM operation: ChangeBreakpoints
Event: 13034.499 Executing VM operation: ChangeBreakpoints done
Event: 13034.500 Executing VM operation: GetFrameCount
Event: 13034.500 Executing VM operation: GetFrameCount done
Event: 13034.500 Executing VM operation: GetStackTrace
Event: 13034.500 Executing VM operation: GetStackTrace done
Event: 13034.593 Executing VM operation: GetFrameCount
Event: 13034.593 Executing VM operation: GetFrameCount done
Event: 13034.593 Executing VM operation: GetOwnedMonitorInfo
Event: 13034.593 Executing VM operation: GetOwnedMonitorInfo done
Event: 13034.594 Executing VM operation: GetCurrentContendedMonitor
Event: 13034.594 Executing VM operation: GetCurrentContendedMonitor done
Event: 13398.960 Executing VM operation: RedefineClasses
Event: 13398.962 Executing VM operation: RedefineClasses done
Event: 13398.965 Executing VM operation: ChangeBreakpoints
Event: 13398.965 Executing VM operation: ChangeBreakpoints done
Event: 13398.966 Executing VM operation: GetFrameCount
Event: 13398.966 Executing VM operation: GetFrameCount done
Event: 13398.966 Executing VM operation: GetStackTrace


Dynamic libraries:
0x00007ff7d0670000 - 0x00007ff7d067f000 	C:\Program Files\Java\jdk-14.0.1\bin\javaw.exe
0x00007ff91e750000 - 0x00007ff91e93d000 	C:\Windows\SYSTEM32\ntdll.dll
0x00007ff91bd30000 - 0x00007ff91bde3000 	C:\Windows\System32\KERNEL32.DLL
0x00007ff91a8e0000 - 0x00007ff91ab75000 	C:\Windows\System32\KERNELBASE.dll
0x00007ff91b490000 - 0x00007ff91b58a000 	C:\Windows\System32\ucrtbase.dll
0x00007ff910970000 - 0x00007ff910988000 	C:\Program Files\Java\jdk-14.0.1\bin\jli.dll
0x00007ff91be90000 - 0x00007ff91bf33000 	C:\Windows\System32\ADVAPI32.dll
0x00007ff91e1a0000 - 0x00007ff91e23e000 	C:\Windows\System32\msvcrt.dll
0x00007ff91bdf0000 - 0x00007ff91be8e000 	C:\Windows\System32\sechost.dll
0x00007ff91e580000 - 0x00007ff91e6a2000 	C:\Windows\System32\RPCRT4.dll
0x00007ff910990000 - 0x00007ff9109a5000 	C:\Program Files\Java\jdk-14.0.1\bin\VCRUNTIME140.dll
0x00007ff91e310000 - 0x00007ff91e4a7000 	C:\Windows\System32\USER32.dll
0x00007ff91a810000 - 0x00007ff91a830000 	C:\Windows\System32\win32u.dll
0x00007ff91bae0000 - 0x00007ff91bb09000 	C:\Windows\System32\GDI32.dll
0x00007ff91b2f0000 - 0x00007ff91b489000 	C:\Windows\System32\gdi32full.dll
0x00007ff91b870000 - 0x00007ff91b910000 	C:\Windows\System32\msvcp_win.dll
0x00007ff915bd0000 - 0x00007ff915bda000 	C:\Windows\SYSTEM32\VERSION.dll
0x00007ff90f630000 - 0x00007ff90f8a9000 	C:\Windows\WinSxS\amd64_microsoft.windows.common-controls_6595b64144ccf1df_6.0.17763.1158_none_de722d88534a897f\COMCTL32.dll
0x00007ff91d9f0000 - 0x00007ff91dd1c000 	C:\Windows\System32\combase.dll
0x00007ff91b590000 - 0x00007ff91b60e000 	C:\Windows\System32\bcryptPrimitives.dll
0x00007ff91e2d0000 - 0x00007ff91e2fe000 	C:\Windows\System32\IMM32.DLL
0x00007ff9107c0000 - 0x00007ff91085b000 	C:\Program Files\Java\jdk-14.0.1\bin\msvcp140.dll
0x00007ff8ec0e0000 - 0x00007ff8ecbfe000 	C:\Program Files\Java\jdk-14.0.1\bin\server\jvm.dll
0x00007ff91e2c0000 - 0x00007ff91e2c8000 	C:\Windows\System32\PSAPI.DLL
0x00007ff90f300000 - 0x00007ff90f309000 	C:\Windows\SYSTEM32\WSOCK32.dll
0x00007ff91e6b0000 - 0x00007ff91e71d000 	C:\Windows\System32\WS2_32.dll
0x00007ff9171f0000 - 0x00007ff917214000 	C:\Windows\SYSTEM32\WINMM.dll
0x00007ff9171c0000 - 0x00007ff9171ed000 	C:\Windows\SYSTEM32\WINMMBASE.dll
0x00007ff91b820000 - 0x00007ff91b86a000 	C:\Windows\System32\cfgmgr32.dll
0x00007ff91a740000 - 0x00007ff91a751000 	C:\Windows\System32\kernel.appcore.dll
0x00007ff90dfc0000 - 0x00007ff90dfca000 	C:\Program Files\Java\jdk-14.0.1\bin\jimage.dll
0x00007ff90b950000 - 0x00007ff90bb3d000 	C:\Windows\SYSTEM32\DBGHELP.DLL
0x00007ff90c850000 - 0x00007ff90c87a000 	C:\Windows\SYSTEM32\dbgcore.DLL
0x00007ff90b8c0000 - 0x00007ff90b8f8000 	C:\Program Files\Java\jdk-14.0.1\bin\jdwp.dll
0x00007ff8f7eb0000 - 0x00007ff8f7ed5000 	C:\Program Files\Java\jdk-14.0.1\bin\java.dll
0x00007ff917500000 - 0x00007ff91750e000 	C:\Program Files\Java\jdk-14.0.1\bin\instrument.dll
0x00007ff8f7f30000 - 0x00007ff8f7f46000 	C:\Program Files\Java\jdk-14.0.1\bin\zip.dll
0x00007ff91c1a0000 - 0x00007ff91d694000 	C:\Windows\System32\SHELL32.dll
0x00007ff91e4d0000 - 0x00007ff91e578000 	C:\Windows\System32\shcore.dll
0x00007ff91aba0000 - 0x00007ff91b2ed000 	C:\Windows\System32\windows.storage.dll
0x00007ff91a7e0000 - 0x00007ff91a804000 	C:\Windows\System32\profapi.dll
0x00007ff91a780000 - 0x00007ff91a7dd000 	C:\Windows\System32\powrprof.dll
0x00007ff91c140000 - 0x00007ff91c192000 	C:\Windows\System32\shlwapi.dll
0x00007ff91ab80000 - 0x00007ff91ab97000 	C:\Windows\System32\cryptsp.dll
0x00007ff916c20000 - 0x00007ff916c2b000 	C:\Program Files\Java\jdk-14.0.1\bin\dt_socket.dll
0x00007ff919c70000 - 0x00007ff919cad000 	C:\Windows\SYSTEM32\IPHLPAPI.DLL
0x00007ff919f50000 - 0x00007ff919fb7000 	C:\Windows\system32\mswsock.dll
0x00007ff919cb0000 - 0x00007ff919d77000 	C:\Windows\SYSTEM32\DNSAPI.dll
0x00007ff91e300000 - 0x00007ff91e308000 	C:\Windows\System32\NSI.dll
0x00007ff9100c0000 - 0x00007ff9100ca000 	C:\Windows\System32\rasadhlp.dll
0x00007ff9100d0000 - 0x00007ff910149000 	C:\Windows\System32\fwpuclnt.dll
0x00007ff91b610000 - 0x00007ff91b636000 	C:\Windows\System32\bcrypt.dll
0x00007ff8f3c10000 - 0x00007ff8f3c29000 	C:\Program Files\Java\jdk-14.0.1\bin\net.dll
0x00007ff910150000 - 0x00007ff910242000 	C:\Windows\SYSTEM32\WINHTTP.dll
0x00007ff8f3bf0000 - 0x00007ff8f3c02000 	C:\Program Files\Java\jdk-14.0.1\bin\nio.dll
0x00007ff90b940000 - 0x00007ff90b950000 	C:\Program Files\Java\jdk-14.0.1\bin\verify.dll

dbghelp: loaded successfully - version: 4.0.5 - missing functions: none
symbol engine: initialized successfully - sym options: 0x614 - pdb path: .;C:\Program Files\Java\jdk-14.0.1\bin;C:\Windows\SYSTEM32;C:\Windows\WinSxS\amd64_microsoft.windows.common-controls_6595b64144ccf1df_6.0.17763.1158_none_de722d88534a897f;C:\Program Files\Java\jdk-14.0.1\bin\server

VM Arguments:
jvm_args: -agentlib:jdwp=transport=dt_socket,suspend=y,address=localhost:62236 -javaagent:C:\Users\Administrator\eclipse\jee-2020-03\eclipse\configuration\org.eclipse.osgi\411\0\.cp\lib\javaagent-shaded.jar -Dfile.encoding=UTF-8 
java_command: ProjectTestRemake.StudentProjectTest
java_class_path (initial): C:\java\git\java-project\bin
Launcher Type: SUN_STANDARD

[Global flags]
     intx CICompilerCount                          = 3                                         {product} {ergonomic}
     uint ConcGCThreads                            = 1                                         {product} {ergonomic}
     uint G1ConcRefinementThreads                  = 4                                         {product} {ergonomic}
   size_t G1HeapRegionSize                         = 1048576                                   {product} {ergonomic}
    uintx GCDrainStackTargetSize                   = 64                                        {product} {ergonomic}
   size_t InitialHeapSize                          = 134217728                                 {product} {ergonomic}
   size_t MarkStackSize                            = 4194304                                   {product} {ergonomic}
   size_t MaxHeapSize                              = 2130706432                                {product} {ergonomic}
   size_t MaxNewSize                               = 1278214144                                {product} {ergonomic}
   size_t MinHeapDeltaBytes                        = 1048576                                   {product} {ergonomic}
   size_t MinHeapSize                              = 8388608                                   {product} {ergonomic}
    uintx NonNMethodCodeHeapSize                   = 5832780                                {pd product} {ergonomic}
    uintx NonProfiledCodeHeapSize                  = 122912730                              {pd product} {ergonomic}
    uintx ProfiledCodeHeapSize                     = 122912730                              {pd product} {ergonomic}
    uintx ReservedCodeCacheSize                    = 251658240                              {pd product} {ergonomic}
     bool SegmentedCodeCache                       = true                                      {product} {ergonomic}
   size_t SoftMaxHeapSize                          = 2130706432                             {manageable} {ergonomic}
     bool UseCompressedClassPointers               = true                                 {lp64_product} {ergonomic}
     bool UseCompressedOops                        = true                                 {lp64_product} {ergonomic}
     bool UseG1GC                                  = true                                      {product} {ergonomic}
     bool UseLargePagesIndividualAllocation        = false                                  {pd product} {ergonomic}

Logging:
Log output configuration:
 #0: stdout all=warning uptime,level,tags
 #1: stderr all=off uptime,level,tags

Environment Variables:
PATH=C:/Program Files/Java/jdk-14.0.1/bin/server;C:/Program Files/Java/jdk-14.0.1/bin;C:\Program Files (x86)\Common Files\Oracle\Java\javapath;C:\Windows\system32;C:\Windows;C:\Windows\System32\Wbem;C:\Windows\System32\WindowsPowerShell\v1.0\;C:\Windows\System32\OpenSSH\;C:\Program Files (x86)\Common Files\Acronis\VirtualFile\;C:\Program Files (x86)\Common Files\Acronis\VirtualFile64\;C:\Program Files (x86)\Common Files\Acronis\FileProtector\;C:\Program Files (x86)\Common Files\Acronis\FileProtector64\;C:\Program Files (x86)\Common Files\Acronis\SnapAPI\;C:\Program Files (x86)\NVIDIA Corporation\PhysX\Common;C:\Program Files\NVIDIA Corporation\NVIDIA NvDLISR;C:\Users\Administrator\AppData\Local\Microsoft\WindowsApps;C:\Program Files\Bandizip\;C:\Users\Administrator\Desktop\JAVA;
USERNAME=Administrator
OS=Windows_NT
PROCESSOR_IDENTIFIER=Intel64 Family 6 Model 158 Stepping 11, GenuineIntel



---------------  S Y S T E M  ---------------

OS: Windows 10 , 64 bit Build 17763 (10.0.17763.1158)
OS uptime: 10 days 6:10 hours

CPU:total 4 (initial active 4) (4 cores per cpu, 1 threads per core) family 6 model 158 stepping 11, cmov, cx8, fxsr, mmx, sse, sse2, sse3, ssse3, sse4.1, sse4.2, popcnt, avx, avx2, aes, clmul, erms, 3dnowpref, lzcnt, tsc, tscinvbit, bmi1, bmi2, adx, fma

Memory: 4k page, system-wide physical 8125M (4447M free)
TotalPageFile size 14517M (AvailPageFile size 2043M)
current process WorkingSet (physical memory assigned to process): 37M, peak: 142M
current process commit charge ("private bytes"): 208M, peak: 307M

vm_info: Java HotSpot(TM) 64-Bit Server VM (14.0.1+7) for windows-amd64 JRE (14.0.1+7), built on Mar  5 2020 10:30:14 by "mach5one" with MS VC++ 15.9 (VS2017)

END.
